Detecting compiler hash for triplet arm64-osx...
Compiler found: /usr/bin/c++
The following packages will be built and installed:
    catch2:arm64-osx@3.14.0
  * vcpkg-cmake:arm64-osx@2024-04-23
  * vcpkg-cmake-config:arm64-osx@2024-05-23
Additional packages (*) will be modified to complete this operation.
Restored 3 package(s) from /Users/kartikohlan/.cache/vcpkg/archives in 387 ms. Use --debug to see more details.
Installing 1/3 vcpkg-cmake-config:arm64-osx@2024-05-23...
vcpkg-cmake-config:arm64-osx@2024-05-23 package ABI: 90a2139966789087c06f61e071e4207cf2028869e5036e25861a502fabec1b9e
Elapsed time to handle vcpkg-cmake-config:arm64-osx: 3.63 ms
Installing 2/3 vcpkg-cmake:arm64-osx@2024-04-23...
vcpkg-cmake:arm64-osx@2024-04-23 package ABI: a9f1257e9c1f1a52a884e007d51100123ddb2d0e87e68c993c0694739e819ab8
Elapsed time to handle vcpkg-cmake:arm64-osx: 4.03 ms
Installing 3/3 catch2:arm64-osx@3.14.0...
catch2:arm64-osx@3.14.0 package ABI: 48e9076fdae60aa65b128264b7d42bfd371603be76eeba807e5f77bfbfa896ce
Elapsed time to handle catch2:arm64-osx: 58.6 ms
Installed contents are licensed to you by owners. Microsoft is not responsible for, nor does it grant any licenses to, third-party packages.
Packages installed in this vcpkg installation declare the following licenses:
BSL-1.0
MIT
catch2 provides CMake targets:

  # this is heuristically generated, and may not be correct
  find_package(Catch2 CONFIG REQUIRED)
  target_link_libraries(main PRIVATE Catch2::Catch2 Catch2::Catch2WithMain)

catch2 provides pkg-config modules:

  # A modern, C++-native test framework for C++14 and above (links in default main)
  catch2-with-main

  # A modern, C++-native, test framework for C++14 and above
  catch2

All requested installations completed successfully in: 67.9 ms
